\BOOKMARK [1][-]{Doc-Start}{\376\377\000C\000O\000P\000Y\000R\000I\000G\000H\000T}{}% 1
\BOOKMARK [1][-]{Doc-Start}{\376\377\000D\000E\000C\000L\000A\000R\000A\000T\000I\000O\000N}{}% 2
\BOOKMARK [1][-]{Doc-Start}{\376\377\000R\000E\000C\000O\000M\000M\000E\000N\000D\000A\000T\000I\000O\000N}{}% 3
\BOOKMARK [1][-]{Doc-Start}{\376\377\000A\000C\000K\000N\000O\000W\000L\000E\000D\000G\000E\000M\000E\000N\000T}{}% 4
\BOOKMARK [1][-]{Doc-Start}{\376\377\000A\000B\000S\000T\000R\000A\000C\000T}{}% 5
\BOOKMARK [1][-]{Doc-Start}{\376\377\000T\000A\000B\000L\000E\000\040\000O\000F\000\040\000C\000O\000N\000T\000E\000N\000T\000S}{}% 6
\BOOKMARK [1][-]{Doc-Start}{\376\377\000L\000I\000S\000T\000\040\000O\000F\000\040\000F\000I\000G\000U\000R\000E\000S}{}% 7
\BOOKMARK [1][-]{Doc-Start}{\376\377\000L\000I\000S\000T\000\040\000O\000F\000\040\000T\000A\000B\000L\000E\000S}{}% 8
\BOOKMARK [1][-]{section.1}{\376\377\000I\000N\000T\000R\000O\000D\000U\000C\000T\000I\000O\000N}{}% 9
\BOOKMARK [2][-]{subsection.1.1}{\376\377\000S\000t\000a\000t\000e\000m\000e\000n\000t\000\040\000o\000f\000\040\000p\000r\000o\000b\000l\000e\000m}{section.1}% 10
\BOOKMARK [2][-]{subsection.1.2}{\376\377\000O\000b\000j\000e\000c\000t\000i\000v\000e\000s}{section.1}% 11
\BOOKMARK [2][-]{subsection.1.3}{\376\377\000S\000c\000o\000p\000e\000\040\000a\000n\000d\000\040\000A\000p\000p\000l\000i\000c\000a\000t\000i\000o\000n\000s}{section.1}% 12
\BOOKMARK [1][-]{section.2}{\376\377\000L\000I\000T\000E\000R\000A\000T\000U\000R\000E\000\040\000R\000E\000V\000I\000E\000W}{}% 13
\BOOKMARK [1][-]{section.3}{\376\377\000H\000A\000R\000D\000W\000A\000R\000E\000\040\000A\000N\000D\000\040\000S\000O\000F\000T\000W\000A\000R\000E\000\040\000R\000E\000Q\000U\000I\000R\000E\000M\000E\000N\000T\000S}{}% 14
\BOOKMARK [2][-]{subsection.3.1}{\376\377\000H\000a\000r\000d\000w\000a\000r\000e\000\040\000R\000e\000q\000u\000i\000r\000e\000m\000e\000n\000t\000s}{section.3}% 15
\BOOKMARK [2][-]{subsection.3.2}{\376\377\000S\000o\000f\000t\000w\000a\000r\000e\000\040\000R\000e\000q\000u\000i\000r\000e\000m\000e\000n\000t\000s}{section.3}% 16
\BOOKMARK [1][-]{section.4}{\376\377\000R\000E\000L\000A\000T\000E\000D\000\040\000T\000H\000E\000O\000R\000Y}{}% 17
\BOOKMARK [2][-]{subsection.4.1}{\376\377\000A\000r\000c\000h\000i\000t\000e\000c\000t\000u\000r\000a\000l\000\040\000E\000x\000p\000l\000a\000n\000a\000t\000i\000o\000n\000s}{section.4}% 18
\BOOKMARK [2][-]{subsection.4.2}{\376\377\000G\000e\000n\000e\000r\000a\000l\000\040\000E\000x\000p\000l\000a\000n\000a\000t\000i\000o\000n\000s}{section.4}% 19
\BOOKMARK [1][-]{section.5}{\376\377\000M\000E\000T\000H\000O\000D\000O\000L\000O\000G\000Y}{}% 20
\BOOKMARK [1][-]{section.6}{\376\377\000R\000E\000S\000U\000L\000T\000\040\000A\000N\000D\000\040\000C\000O\000N\000C\000L\000U\000S\000I\000O\000N}{}% 21
\BOOKMARK [2][-]{subsection.6.1}{\376\377\000E\000v\000a\000l\000u\000a\000t\000i\000o\000n\000\040\000M\000e\000t\000r\000i\000c\000s}{section.6}% 22
\BOOKMARK [2][-]{subsection.6.2}{\376\377\000I\000m\000a\000g\000e\000\040\000C\000o\000m\000p\000a\000r\000i\000s\000o\000n\000s}{section.6}% 23
\BOOKMARK [2][-]{subsection.6.3}{\376\377\000R\000e\000c\000o\000m\000m\000e\000n\000d\000a\000t\000i\000o\000n}{section.6}% 24
\BOOKMARK [2][-]{subsection.6.4}{\376\377\000F\000u\000t\000u\000r\000e\000\040\000E\000n\000h\000a\000n\000c\000e\000m\000e\000n\000t\000s}{section.6}% 25
\BOOKMARK [1][-]{section.7}{\376\377\000A\000p\000p\000e\000n\000d\000i\000x}{}% 26
\BOOKMARK [2][-]{subsection.7.1}{\376\377\000W\000o\000r\000k\000\040\000S\000c\000h\000e\000d\000u\000l\000e\000:}{section.7}% 27
